<?xml version="1.0" encoding="UTF-8"?>
<!-- Generated by org.testng.reporters.JUnitReportReporter -->
<testsuite skipped="0" hostname="DESKTOP-0MDKGSP" name="testCases.Creat_A_Prodect" tests="1" failures="0" timestamp="25 Dec 2021 07:34:54 GMT" time="2.931" errors="0">
  <testcase name="Creatt_A_Product" time="2.931" classname="testCases.Creat_A_Prodect"/>
</testsuite> <!-- testCases.Creat_A_Prodect -->
