<?xml version="1.0" encoding="UTF-8"?>
<!-- Generated by org.testng.reporters.JUnitReportReporter -->
<testsuite skipped="0" hostname="DESKTOP-0MDKGSP" name="testCases.Delete_Prodect" tests="1" failures="0" timestamp="26 Dec 2021 05:24:04 GMT" time="3.270" errors="0">
  <testcase name="Delete_Prodect" time="3.270" classname="testCases.Delete_Prodect"/>
</testsuite> <!-- testCases.Delete_Prodect -->
