<?xml version="1.0" encoding="UTF-8"?>
<!-- Generated by org.testng.reporters.JUnitReportReporter -->
<testsuite skipped="0" hostname="DESKTOP-0MDKGSP" name="testCases.Update_Prodect" tests="1" failures="0" timestamp="26 Dec 2021 05:17:50 GMT" time="3.748" errors="0">
  <testcase name="Update_Product" time="3.748" classname="testCases.Update_Prodect"/>
</testsuite> <!-- testCases.Update_Prodect -->
